<?xml version="1.0" encoding="UTF-8"?>
<testng-results ignored="0" total="1" passed="1" failed="0" skipped="0">
  <reporter-output>
  </reporter-output>
  <suite started-at="2025-01-05T20:43:15 EET" name="Default suite" finished-at="2025-01-05T20:43:17 EET" duration-ms="2453">
    <groups>
    </groups>
    <test started-at="2025-01-05T20:43:15 EET" name="Default test" finished-at="2025-01-05T20:43:17 EET" duration-ms="2453">
      <class name="Tests_POST">
        <test-method signature="Test()[pri:0, instance:Tests_POST@2e005c4b]" started-at="2025-01-05T20:43:15 EET" name="Test" finished-at="2025-01-05T20:43:17 EET" duration-ms="2420" status="PASS">
          <reporter-output>
          </reporter-output>
        </test-method> <!-- Test -->
      </class> <!-- Tests_POST -->
    </test> <!-- Default test -->
  </suite> <!-- Default suite -->
</testng-results>
